<?xml version="1.0" encoding="UTF-8"?>
<!-- Generated by org.testng.reporters.JUnitReportReporter -->
<testsuite hostname="Dell-PC" failures="0" tests="9" name="writings.ProductTestng" time="299.056" errors="0" timestamp="29 Aug 2019 03:22:20 GMT" skipped="0">
  <testcase classname="writings.ProductTestng" name="trypara" time="60.666"/>
  <testcase classname="writings.ProductTestng" name="customerportal" time="48.877"/>
  <testcase classname="writings.ProductTestng" name="forum" time="43.372"/>
  <testcase classname="writings.ProductTestng" name="market" time="43.079"/>
  <testcase classname="writings.ProductTestng" name="blog" time="25.337"/>
  <testcase classname="writings.ProductTestng" name="support" time="19.888"/>
  <testcase classname="writings.ProductTestng" name="contact" time="16.356"/>
  <testcase classname="writings.ProductTestng" name="lang" time="24.884"/>
  <testcase classname="writings.ProductTestng" name="search" time="16.597"/>
</testsuite> <!-- writings.ProductTestng -->
