<?xml version="1.0" encoding="UTF-8"?>
<!-- Generated by org.testng.reporters.JUnitReportReporter -->
<testsuite hostname="Dell-PC" failures="0" tests="1" name="writings.Register1" time="93.248" errors="0" timestamp="29 Aug 2019 02:52:01 GMT" skipped="0">
  <testcase classname="writings.Register1" name="R" time="93.248"/>
</testsuite> <!-- writings.Register1 -->
