<?xml version="1.0" encoding="UTF-8"?>
<!-- Generated by org.testng.reporters.JUnitReportReporter -->
<testsuite hostname="Dell-PC" failures="0" tests="4" name="writings.Home" time="118.129" errors="0" timestamp="29 Aug 2019 03:22:20 GMT" skipped="0">
  <testcase classname="writings.Home" name="aboutus" time="48.895"/>
  <testcase classname="writings.Home" name="services" time="28.900"/>
  <testcase classname="writings.Home" name="locations" time="15.937"/>
  <testcase classname="writings.Home" name="adminpage" time="24.397"/>
</testsuite> <!-- writings.Home -->
