<?xml version="1.0" encoding="UTF-8"?>
<!-- Generated by org.testng.reporters.JUnitReportReporter -->
<testsuite hostname="Dell-PC" failures="0" tests="1" name="writings.TryTestng" time="75.692" errors="0" timestamp="29 Aug 2019 03:22:20 GMT" skipped="0">
  <testcase classname="writings.TryTestng" name="trypage" time="75.692"/>
</testsuite> <!-- writings.TryTestng -->
