<?xml version="1.0" encoding="UTF-8"?>
<!-- Generated by org.testng.reporters.JUnitReportReporter -->
<testsuite hostname="Dell-PC" failures="0" tests="1" name="writings.Forgetlogininfo" time="44.618" errors="0" timestamp="29 Aug 2019 03:22:20 GMT" skipped="0">
  <testcase classname="writings.Forgetlogininfo" name="A" time="44.618"/>
</testsuite> <!-- writings.Forgetlogininfo -->
