<?xml version="1.0" encoding="UTF-8"?>
<!-- Generated by org.testng.reporters.JUnitReportReporter -->
<testsuite hostname="Dell-PC" failures="0" tests="1" name="writings.Usinglogin" time="42.880" errors="0" timestamp="29 Aug 2019 03:22:20 GMT" skipped="0">
  <testcase classname="writings.Usinglogin" name="L" time="42.880"/>
</testsuite> <!-- writings.Usinglogin -->
